2025-05-12 12:45:09 [ERROR]: uncaughtException: Cannot find module 'slugify'
Require stack:
- C:\Users\siric\OneDrive\Escritorio\pass\TeLoFundi\backend\src\services\profileService.js
- C:\Users\siric\OneDrive\Escritorio\pass\TeLoFundi\backend\src\api\profile\profile.controller.js
- C:\Users\siric\OneDrive\Escritorio\pass\TeLoFundi\backend\src\api\profile\profile.routes.js
- C:\Users\siric\OneDrive\Escritorio\pass\TeLoFundi\backend\src\api\index.js
- C:\Users\siric\OneDrive\Escritorio\pass\TeLoFundi\backend\src\app.js
- C:\Users\siric\OneDrive\Escritorio\pass\TeLoFundi\backend\src\server.js
Error: Cannot find module 'slugify'
Require stack:
- C:\Users\siric\OneDrive\Escritorio\pass\TeLoFundi\backend\src\services\profileService.js
- C:\Users\siric\OneDrive\Escritorio\pass\TeLoFundi\backend\src\api\profile\profile.controller.js
- C:\Users\siric\OneDrive\Escritorio\pass\TeLoFundi\backend\src\api\profile\profile.routes.js
- C:\Users\siric\OneDrive\Escritorio\pass\TeLoFundi\backend\src\api\index.js
- C:\Users\siric\OneDrive\Escritorio\pass\TeLoFundi\backend\src\app.js
- C:\Users\siric\OneDrive\Escritorio\pass\TeLoFundi\backend\src\server.js
    at Module._resolveFilename (node:internal/modules/cjs/loader:1145:15)
    at Module._load (node:internal/modules/cjs/loader:986:27)
    at Module.require (node:internal/modules/cjs/loader:1233:19)
    at require (node:internal/modules/helpers:179:18)
    at Object.<anonymous> (C:\Users\siric\OneDrive\Escritorio\pass\TeLoFundi\backend\src\services\profileService.js:4:17)
    at Module._compile (node:internal/modules/cjs/loader:1358:14)
    at Module._extensions..js (node:internal/modules/cjs/loader:1416:10)
    at Module.load (node:internal/modules/cjs/loader:1208:32)
    at Module._load (node:internal/modules/cjs/loader:1024:12)
    at Module.require (node:internal/modules/cjs/loader:1233:19) {"error":{"code":"MODULE_NOT_FOUND","requireStack":["C:\\Users\\siric\\OneDrive\\Escritorio\\pass\\TeLoFundi\\backend\\src\\services\\profileService.js","C:\\Users\\siric\\OneDrive\\Escritorio\\pass\\TeLoFundi\\backend\\src\\api\\profile\\profile.controller.js","C:\\Users\\siric\\OneDrive\\Escritorio\\pass\\TeLoFundi\\backend\\src\\api\\profile\\profile.routes.js","C:\\Users\\siric\\OneDrive\\Escritorio\\pass\\TeLoFundi\\backend\\src\\api\\index.js","C:\\Users\\siric\\OneDrive\\Escritorio\\pass\\TeLoFundi\\backend\\src\\app.js","C:\\Users\\siric\\OneDrive\\Escritorio\\pass\\TeLoFundi\\backend\\src\\server.js"]},"stack":"Error: Cannot find module 'slugify'\nRequire stack:\n- C:\\Users\\siric\\OneDrive\\Escritorio\\pass\\TeLoFundi\\backend\\src\\services\\profileService.js\n- C:\\Users\\siric\\OneDrive\\Escritorio\\pass\\TeLoFundi\\backend\\src\\api\\profile\\profile.controller.js\n- C:\\Users\\siric\\OneDrive\\Escritorio\\pass\\TeLoFundi\\backend\\src\\api\\profile\\profile.routes.js\n- C:\\Users\\siric\\OneDrive\\Escritorio\\pass\\TeLoFundi\\backend\\src\\api\\index.js\n- C:\\Users\\siric\\OneDrive\\Escritorio\\pass\\TeLoFundi\\backend\\src\\app.js\n- C:\\Users\\siric\\OneDrive\\Escritorio\\pass\\TeLoFundi\\backend\\src\\server.js\n    at Module._resolveFilename (node:internal/modules/cjs/loader:1145:15)\n    at Module._load (node:internal/modules/cjs/loader:986:27)\n    at Module.require (node:internal/modules/cjs/loader:1233:19)\n    at require (node:internal/modules/helpers:179:18)\n    at Object.<anonymous> (C:\\Users\\siric\\OneDrive\\Escritorio\\pass\\TeLoFundi\\backend\\src\\services\\profileService.js:4:17)\n    at Module._compile (node:internal/modules/cjs/loader:1358:14)\n    at Module._extensions..js (node:internal/modules/cjs/loader:1416:10)\n    at Module.load (node:internal/modules/cjs/loader:1208:32)\n    at Module._load (node:internal/modules/cjs/loader:1024:12)\n    at Module.require (node:internal/modules/cjs/loader:1233:19)","exception":true,"date":"Mon May 12 2025 12:45:09 GMT-0400 (hora estándar del Atlántico)","process":{"pid":31692,"uid":null,"gid":null,"cwd":"C:\\Users\\siric\\OneDrive\\Escritorio\\pass\\TeLoFundi\\backend\\src","execPath":"C:\\Program Files\\nodejs\\node.exe","version":"v20.16.0","argv":["C:\\Program Files\\nodejs\\node.exe","C:\\Users\\siric\\OneDrive\\Escritorio\\pass\\TeLoFundi\\backend\\src\\server.js"],"memoryUsage":{"rss":67923968,"heapTotal":33181696,"heapUsed":21035544,"external":2245243,"arrayBuffers":16875}},"os":{"loadavg":[0,0,0],"uptime":1329150.14},"trace":[{"column":15,"file":"node:internal/modules/cjs/loader","function":"Module._resolveFilename","line":1145,"method":"_resolveFilename","native":false},{"column":27,"file":"node:internal/modules/cjs/loader","function":"Module._load","line":986,"method":"_load","native":false},{"column":19,"file":"node:internal/modules/cjs/loader","function":"Module.require","line":1233,"method":"require","native":false},{"column":18,"file":"node:internal/modules/helpers","function":"require","line":179,"method":null,"native":false},{"column":17,"file":"C:\\Users\\siric\\OneDrive\\Escritorio\\pass\\TeLoFundi\\backend\\src\\services\\profileService.js","function":null,"line":4,"method":null,"native":false},{"column":14,"file":"node:internal/modules/cjs/loader","function":"Module._compile","line":1358,"method":"_compile","native":false},{"column":10,"file":"node:internal/modules/cjs/loader","function":"Module._extensions..js","line":1416,"method":".js","native":false},{"column":32,"file":"node:internal/modules/cjs/loader","function":"Module.load","line":1208,"method":"load","native":false},{"column":12,"file":"node:internal/modules/cjs/loader","function":"Module._load","line":1024,"method":"_load","native":false},{"column":19,"file":"node:internal/modules/cjs/loader","function":"Module.require","line":1233,"method":"require","native":false}]}
2025-05-12 13:05:18 [ERROR]: uncaughtException: Cannot find module 'slugify'
Require stack:
- C:\Users\siric\OneDrive\Escritorio\pass\TeLoFundi\backend\src\services\profileService.js
- C:\Users\siric\OneDrive\Escritorio\pass\TeLoFundi\backend\src\api\profile\profile.controller.js
- C:\Users\siric\OneDrive\Escritorio\pass\TeLoFundi\backend\src\api\profile\profile.routes.js
- C:\Users\siric\OneDrive\Escritorio\pass\TeLoFundi\backend\src\api\index.js
- C:\Users\siric\OneDrive\Escritorio\pass\TeLoFundi\backend\src\app.js
- C:\Users\siric\OneDrive\Escritorio\pass\TeLoFundi\backend\src\server.js
Error: Cannot find module 'slugify'
Require stack:
- C:\Users\siric\OneDrive\Escritorio\pass\TeLoFundi\backend\src\services\profileService.js
- C:\Users\siric\OneDrive\Escritorio\pass\TeLoFundi\backend\src\api\profile\profile.controller.js
- C:\Users\siric\OneDrive\Escritorio\pass\TeLoFundi\backend\src\api\profile\profile.routes.js
- C:\Users\siric\OneDrive\Escritorio\pass\TeLoFundi\backend\src\api\index.js
- C:\Users\siric\OneDrive\Escritorio\pass\TeLoFundi\backend\src\app.js
- C:\Users\siric\OneDrive\Escritorio\pass\TeLoFundi\backend\src\server.js
    at Module._resolveFilename (node:internal/modules/cjs/loader:1145:15)
    at Module._load (node:internal/modules/cjs/loader:986:27)
    at Module.require (node:internal/modules/cjs/loader:1233:19)
    at require (node:internal/modules/helpers:179:18)
    at Object.<anonymous> (C:\Users\siric\OneDrive\Escritorio\pass\TeLoFundi\backend\src\services\profileService.js:4:17)
    at Module._compile (node:internal/modules/cjs/loader:1358:14)
    at Module._extensions..js (node:internal/modules/cjs/loader:1416:10)
    at Module.load (node:internal/modules/cjs/loader:1208:32)
    at Module._load (node:internal/modules/cjs/loader:1024:12)
    at Module.require (node:internal/modules/cjs/loader:1233:19) {"error":{"code":"MODULE_NOT_FOUND","requireStack":["C:\\Users\\siric\\OneDrive\\Escritorio\\pass\\TeLoFundi\\backend\\src\\services\\profileService.js","C:\\Users\\siric\\OneDrive\\Escritorio\\pass\\TeLoFundi\\backend\\src\\api\\profile\\profile.controller.js","C:\\Users\\siric\\OneDrive\\Escritorio\\pass\\TeLoFundi\\backend\\src\\api\\profile\\profile.routes.js","C:\\Users\\siric\\OneDrive\\Escritorio\\pass\\TeLoFundi\\backend\\src\\api\\index.js","C:\\Users\\siric\\OneDrive\\Escritorio\\pass\\TeLoFundi\\backend\\src\\app.js","C:\\Users\\siric\\OneDrive\\Escritorio\\pass\\TeLoFundi\\backend\\src\\server.js"]},"stack":"Error: Cannot find module 'slugify'\nRequire stack:\n- C:\\Users\\siric\\OneDrive\\Escritorio\\pass\\TeLoFundi\\backend\\src\\services\\profileService.js\n- C:\\Users\\siric\\OneDrive\\Escritorio\\pass\\TeLoFundi\\backend\\src\\api\\profile\\profile.controller.js\n- C:\\Users\\siric\\OneDrive\\Escritorio\\pass\\TeLoFundi\\backend\\src\\api\\profile\\profile.routes.js\n- C:\\Users\\siric\\OneDrive\\Escritorio\\pass\\TeLoFundi\\backend\\src\\api\\index.js\n- C:\\Users\\siric\\OneDrive\\Escritorio\\pass\\TeLoFundi\\backend\\src\\app.js\n- C:\\Users\\siric\\OneDrive\\Escritorio\\pass\\TeLoFundi\\backend\\src\\server.js\n    at Module._resolveFilename (node:internal/modules/cjs/loader:1145:15)\n    at Module._load (node:internal/modules/cjs/loader:986:27)\n    at Module.require (node:internal/modules/cjs/loader:1233:19)\n    at require (node:internal/modules/helpers:179:18)\n    at Object.<anonymous> (C:\\Users\\siric\\OneDrive\\Escritorio\\pass\\TeLoFundi\\backend\\src\\services\\profileService.js:4:17)\n    at Module._compile (node:internal/modules/cjs/loader:1358:14)\n    at Module._extensions..js (node:internal/modules/cjs/loader:1416:10)\n    at Module.load (node:internal/modules/cjs/loader:1208:32)\n    at Module._load (node:internal/modules/cjs/loader:1024:12)\n    at Module.require (node:internal/modules/cjs/loader:1233:19)","exception":true,"date":"Mon May 12 2025 13:05:18 GMT-0400 (hora estándar del Atlántico)","process":{"pid":24896,"uid":null,"gid":null,"cwd":"C:\\Users\\siric\\OneDrive\\Escritorio\\pass\\TeLoFundi\\backend\\src","execPath":"C:\\Program Files\\nodejs\\node.exe","version":"v20.16.0","argv":["C:\\Program Files\\nodejs\\node.exe","C:\\Users\\siric\\OneDrive\\Escritorio\\pass\\TeLoFundi\\backend\\src\\server.js"],"memoryUsage":{"rss":67895296,"heapTotal":32919552,"heapUsed":21771888,"external":2245243,"arrayBuffers":16875}},"os":{"loadavg":[0,0,0],"uptime":1330358.921},"trace":[{"column":15,"file":"node:internal/modules/cjs/loader","function":"Module._resolveFilename","line":1145,"method":"_resolveFilename","native":false},{"column":27,"file":"node:internal/modules/cjs/loader","function":"Module._load","line":986,"method":"_load","native":false},{"column":19,"file":"node:internal/modules/cjs/loader","function":"Module.require","line":1233,"method":"require","native":false},{"column":18,"file":"node:internal/modules/helpers","function":"require","line":179,"method":null,"native":false},{"column":17,"file":"C:\\Users\\siric\\OneDrive\\Escritorio\\pass\\TeLoFundi\\backend\\src\\services\\profileService.js","function":null,"line":4,"method":null,"native":false},{"column":14,"file":"node:internal/modules/cjs/loader","function":"Module._compile","line":1358,"method":"_compile","native":false},{"column":10,"file":"node:internal/modules/cjs/loader","function":"Module._extensions..js","line":1416,"method":".js","native":false},{"column":32,"file":"node:internal/modules/cjs/loader","function":"Module.load","line":1208,"method":"load","native":false},{"column":12,"file":"node:internal/modules/cjs/loader","function":"Module._load","line":1024,"method":"_load","native":false},{"column":19,"file":"node:internal/modules/cjs/loader","function":"Module.require","line":1233,"method":"require","native":false}]}
