{"level":"info","message":"Servidor ejecutándose en http://localhost:5000","service":"escort-platform-api","timestamp":"2025-05-12 00:04:51"}
{"level":"info","message":"Documentación API disponible en http://localhost:5000/api-docs","service":"escort-platform-api","timestamp":"2025-05-12 00:04:51"}
{"level":"info","message":"Servidor ejecutándose en http://localhost:5000","service":"escort-platform-api","timestamp":"2025-05-12 00:08:02"}
{"level":"info","message":"Documentación API disponible en http://localhost:5000/api-docs","service":"escort-platform-api","timestamp":"2025-05-12 00:08:02"}
{"level":"info","message":"Servidor ejecutándose en http://localhost:5000","service":"escort-platform-api","timestamp":"2025-05-12 00:52:07"}
{"level":"info","message":"Documentación API disponible en http://localhost:5000/api-docs","service":"escort-platform-api","timestamp":"2025-05-12 00:52:07"}
{"level":"info","message":"Servidor ejecutándose en http://localhost:5000","service":"escort-platform-api","timestamp":"2025-05-12 00:52:11"}
{"level":"info","message":"Documentación API disponible en http://localhost:5000/api-docs","service":"escort-platform-api","timestamp":"2025-05-12 00:52:11"}
2025-05-12 01:59:09 [INFO]: Servidor corriendo en el puerto 5000 en modo development
2025-05-12 01:59:09 [INFO]: Conexión a la base de datos establecida correctamente
2025-05-12 02:15:48 [WARN]: Intento de actualizar metadatos para usuario inexistente: siricristian48@gmail.com
2025-05-12 02:15:48 [ERROR]: Error en login: Credenciales inválidas {"error":{}}
2025-05-12 02:15:48 [ERROR]: Error en login: Credenciales inválidas {"error":{}}
2025-05-12 02:20:38 [INFO]: Servidor corriendo en el puerto 5000 en modo development
2025-05-12 02:20:38 [INFO]: Conexión a la base de datos establecida correctamente
2025-05-12 02:20:47 [INFO]: Servidor corriendo en el puerto 5000 en modo development
2025-05-12 02:20:48 [INFO]: Conexión a la base de datos establecida correctamente
2025-05-12 02:21:15 [INFO]: Servidor corriendo en el puerto 5000 en modo development
2025-05-12 02:21:15 [INFO]: Conexión a la base de datos establecida correctamente
2025-05-12 02:21:20 [INFO]: Servidor corriendo en el puerto 5000 en modo development
2025-05-12 02:21:20 [INFO]: Conexión a la base de datos establecida correctamente
2025-05-12 02:23:06 [WARN]: Intento de actualizar metadatos para usuario inexistente: siricristian48@gmail.com
2025-05-12 02:23:06 [ERROR]: Error en login: Credenciales inválidas {"error":{}}
2025-05-12 02:23:06 [ERROR]: Error en login: Credenciales inválidas {"error":{}}
2025-05-12 02:52:04 [ERROR]: Error en login: Credenciales inválidas {"error":{}}
2025-05-12 02:52:04 [ERROR]: Error en login: Credenciales inválidas {"error":{}}
2025-05-12 02:52:06 [ERROR]: Error en login: Credenciales inválidas {"error":{}}
2025-05-12 02:52:06 [ERROR]: Error en login: Credenciales inválidas {"error":{}}
2025-05-12 04:07:59 [INFO]: Servidor corriendo en el puerto 5000 en modo development
2025-05-12 04:07:59 [INFO]: Conexión a la base de datos establecida correctamente
2025-05-12 04:08:28 [INFO]: Servidor corriendo en el puerto 5000 en modo development
2025-05-12 04:08:28 [INFO]: Conexión a la base de datos establecida correctamente
2025-05-12 04:08:50 [INFO]: Servidor corriendo en el puerto 5000 en modo development
2025-05-12 04:08:50 [INFO]: Conexión a la base de datos establecida correctamente
2025-05-12 04:08:52 [INFO]: Servidor corriendo en el puerto 5000 en modo development
2025-05-12 04:08:53 [INFO]: Conexión a la base de datos establecida correctamente
2025-05-12 04:09:18 [INFO]: Servidor corriendo en el puerto 5000 en modo development
2025-05-12 04:09:18 [INFO]: Conexión a la base de datos establecida correctamente
2025-05-12 04:09:21 [INFO]: Servidor corriendo en el puerto 5000 en modo development
2025-05-12 04:09:21 [INFO]: Conexión a la base de datos establecida correctamente
2025-05-12 04:09:39 [INFO]: Servidor corriendo en el puerto 5000 en modo development
2025-05-12 04:09:39 [INFO]: Conexión a la base de datos establecida correctamente
